<?xml version="1.0" encoding="UTF-8"?>
<!-- Generated by org.testng.reporters.JUnitXMLReporter -->
<testsuite ignored="3" hostname="LAPTOP-PBOBTUM6" failures="0" tests="1" name="Default test" time="5.537" errors="0" timestamp="2024-10-25T22:27:45 IST">
  <testcase classname="APITest.Authentications" name="BrearerAuthentication" time="5.348"/>
  <testcase classname="APITest.Authentications" name="BasicAuthentication" time="0.0">
    <ignored/>
  </testcase> <!-- BasicAuthentication -->
  <testcase classname="APITest.Authentications" name="DigestAuthentication" time="0.0">
    <ignored/>
  </testcase> <!-- DigestAuthentication -->
  <testcase classname="APITest.Authentications" name="PremeetiveAuthentication" time="0.0">
    <ignored/>
  </testcase> <!-- PremeetiveAuthentication -->
</testsuite> <!-- Default test -->
