<?xml version="1.0" encoding="UTF-8"?>
<testng-results ignored="3" total="4" passed="1" failed="0" skipped="0">
  <reporter-output>
  </reporter-output>
  <suite started-at="2024-10-25T22:27:39 IST" name="Default suite" finished-at="2024-10-25T22:27:44 IST" duration-ms="5537">
    <groups>
    </groups>
    <test started-at="2024-10-25T22:27:39 IST" name="Default test" finished-at="2024-10-25T22:27:44 IST" duration-ms="5537">
      <class name="APITest.Authentications">
        <test-method signature="BrearerAuthentication()[pri:0, instance:APITest.Authentications@194bcebf]" started-at="2024-10-25T22:27:39 IST" name="BrearerAuthentication" finished-at="2024-10-25T22:27:44 IST" duration-ms="5348" status="PASS">
          <reporter-output>
          </reporter-output>
        </test-method> <!-- BrearerAuthentication -->
      </class> <!-- APITest.Authentications -->
    </test> <!-- Default test -->
  </suite> <!-- Default suite -->
</testng-results>
